<?xml version="1.0" encoding="UTF-8"?>
<!-- Generated by org.testng.reporters.JUnitReportReporter -->
<testsuite skipped="0" hostname="DESKTOP-O9P40TL" name="GoogleSearch" tests="1" failures="0" timestamp="2021-12-28T09:26:16 IST" time="2.642" errors="0">
  <testcase name="Test01_GoogleSearch" time="2.642" classname="GoogleSearch"/>
  <system-out/>
</testsuite> <!-- GoogleSearch -->
