<?xml version="1.0" encoding="UTF-8"?>
<!-- Generated by org.testng.reporters.JUnitReportReporter -->
<testsuite skipped="0" hostname="DESKTOP-O9P40TL" name="ReqresApi" tests="1" failures="0" timestamp="2021-12-28T08:36:31 IST" time="3.695" errors="0">
  <testcase name="Test01_ReqRes_Emails" time="3.695" classname="ReqresApi"/>
  <system-out/>
</testsuite> <!-- ReqresApi -->
