<?xml version="1.0" encoding="UTF-8"?>
<!-- Generated by org.testng.reporters.JUnitReportReporter -->
<testsuite skipped="0" hostname="DESKTOP-LVSINNE" name="ReqresApi" tests="1" failures="0" timestamp="2021-12-25T12:06:48 IST" time="3.240" errors="0">
  <testcase name="Test01_ReqRes_Emails" time="3.240" classname="ReqresApi"/>
  <system-out/>
</testsuite> <!-- ReqresApi -->
