<?xml version="1.0" encoding="UTF-8"?>
<!-- Generated by org.testng.reporters.JUnitReportReporter -->
<testsuite skipped="0" hostname="DESKTOP-LVSINNE" name="GoogleSearch" tests="1" failures="0" timestamp="2021-12-25T12:04:01 IST" time="2.567" errors="0">
  <testcase name="Test01_GoogleSearch" time="2.567" classname="GoogleSearch"/>
  <system-out/>
</testsuite> <!-- GoogleSearch -->
